# JRE version: OpenJDK Runtime Environment Temurin-21.0.8+9 (21.0.8+9) (build 21.0.8+9-LTS)
# Java VM: OpenJDK 64-Bit Server VM Temurin-21.0.8+9 (21.0.8+9-LTS, mixed mode, sharing, tiered, compressed oops, compressed class ptrs, parallel gc, windows-amd64)
GC Precious Log:
 CardTable entry size: 512
 CPUs: 12 total, 12 available
 Memory: 7829M
 Large Page Support: Disabled
 NUMA Support: Disabled
 Compressed Oops: Enabled (32-bit)
 Alignments: Space 512K, Generation 512K, Heap 2M
 Heap Min Capacity: 100M
 Heap Initial Capacity: 100M
 Heap Max Capacity: 2G
 Pre-touch: Disabled
 Parallel Workers: 10
Heap:
 PSYoungGen      total 13824K, used 10107K [0x00000000d5580000, 0x00000000d6900000, 0x0000000100000000)
  eden space 10752K, 66% used [0x00000000d5580000,0x00000000d5c81a30,0x00000000d6000000)
  from space 3072K, 95% used [0x00000000d6000000,0x00000000d62dd2e0,0x00000000d6300000)
  to   space 4608K, 0% used [0x00000000d6480000,0x00000000d6480000,0x00000000d6900000)
 ParOldGen       total 840192K, used 839798K [0x0000000080000000, 0x00000000b3480000, 0x00000000d5580000)
  object space 840192K, 99% used [0x0000000080000000,0x00000000b341d930,0x00000000b3480000)
 Metaspace       used 74361K, committed 75904K, reserved 1179648K
  class space    used 7722K, committed 8448K, reserved 1048576K
GC Heap History (20 events):
Event: 71.174 GC heap before
{Heap before GC invocations=931 (full 3):
 PSYoungGen      total 6144K, used 5918K [0x00000000d5580000, 0x00000000d5d80000, 0x0000000100000000)
  eden space 5120K, 100% used [0x00000000d5580000,0x00000000d5a80000,0x00000000d5a80000)
  from space 1024K, 78% used [0x00000000d5b80000,0x00000000d5c47b20,0x00000000d5c80000)
  to   space 1024K, 0% used [0x00000000d5c80000,0x00000000d5c80000,0x00000000d5d80000)
 ParOldGen       total 804864K, used 803598K [0x0000000080000000, 0x00000000b1200000, 0x00000000d5580000)
  object space 804864K, 99% used [0x0000000080000000,0x00000000b10c3930,0x00000000b1200000)
 Metaspace       used 73146K, committed 74688K, reserved 1179648K
  class space    used 7613K, committed 8320K, reserved 1048576K
}
Event: 71.176 GC heap after
{Heap after GC invocations=931 (full 3):
 PSYoungGen      total 6144K, used 1024K [0x00000000d5580000, 0x00000000d5d80000, 0x0000000100000000)
  eden space 5120K, 0% used [0x00000000d5580000,0x00000000d5580000,0x00000000d5a80000)
  from space 1024K, 100% used [0x00000000d5c80000,0x00000000d5d80000,0x00000000d5d80000)
  to   space 1536K, 0% used [0x00000000d5a80000,0x00000000d5a80000,0x00000000d5c00000)
 ParOldGen       total 804864K, used 803966K [0x0000000080000000, 0x00000000b1200000, 0x00000000d5580000)
  object space 804864K, 99% used [0x0000000080000000,0x00000000b111f930,0x00000000b1200000)
 Metaspace       used 73146K, committed 74688K, reserved 1179648K
  class space    used 7613K, committed 8320K, reserved 1048576K
}
Event: 71.191 GC heap before
{Heap before GC invocations=932 (full 3):
 PSYoungGen      total 6144K, used 6144K [0x00000000d5580000, 0x00000000d5d80000, 0x0000000100000000)
  eden space 5120K, 100% used [0x00000000d5580000,0x00000000d5a80000,0x00000000d5a80000)
  from space 1024K, 100% used [0x00000000d5c80000,0x00000000d5d80000,0x00000000d5d80000)
  to   space 1536K, 0% used [0x00000000d5a80000,0x00000000d5a80000,0x00000000d5c00000)
 ParOldGen       total 804864K, used 803966K [0x0000000080000000, 0x00000000b1200000, 0x00000000d5580000)
  object space 804864K, 99% used [0x0000000080000000,0x00000000b111f930,0x00000000b1200000)
 Metaspace       used 73146K, committed 74688K, reserved 1179648K
  class space    used 7613K, committed 8320K, reserved 1048576K
}
Event: 71.194 GC heap after
{Heap after GC invocations=932 (full 3):
 PSYoungGen      total 6656K, used 1536K [0x00000000d5580000, 0x00000000d6480000, 0x0000000100000000)
  eden space 5120K, 0% used [0x00000000d5580000,0x00000000d5580000,0x00000000d5a80000)
  from space 1536K, 100% used [0x00000000d5a80000,0x00000000d5c00000,0x00000000d5c00000)
  to   space 5120K, 0% used [0x00000000d5f80000,0x00000000d5f80000,0x00000000d6480000)
 ParOldGen       total 807424K, used 806926K [0x0000000080000000, 0x00000000b1480000, 0x00000000d5580000)
  object space 807424K, 99% used [0x0000000080000000,0x00000000b1403930,0x00000000b1480000)
 Metaspace       used 73146K, committed 74688K, reserved 1179648K
  class space    used 7613K, committed 8320K, reserved 1048576K
}
Event: 71.204 GC heap before
{Heap before GC invocations=933 (full 3):
 PSYoungGen      total 6656K, used 6655K [0x00000000d5580000, 0x00000000d6480000, 0x0000000100000000)
  eden space 5120K, 99% used [0x00000000d5580000,0x00000000d5a7fff8,0x00000000d5a80000)
  from space 1536K, 100% used [0x00000000d5a80000,0x00000000d5c00000,0x00000000d5c00000)
  to   space 5120K, 0% used [0x00000000d5f80000,0x00000000d5f80000,0x00000000d6480000)
 ParOldGen       total 807424K, used 806926K [0x0000000080000000, 0x00000000b1480000, 0x00000000d5580000)
  object space 807424K, 99% used [0x0000000080000000,0x00000000b1403930,0x00000000b1480000)
 Metaspace       used 73146K, committed 74688K, reserved 1179648K
  class space    used 7613K, committed 8320K, reserved 1048576K
}
Event: 71.208 GC heap after
{Heap after GC invocations=933 (full 3):
 PSYoungGen      total 9216K, used 3872K [0x00000000d5580000, 0x00000000d6380000, 0x0000000100000000)
  eden space 5120K, 0% used [0x00000000d5580000,0x00000000d5580000,0x00000000d5a80000)
  from space 4096K, 94% used [0x00000000d5f80000,0x00000000d6348000,0x00000000d6380000)
  to   space 4096K, 0% used [0x00000000d5b80000,0x00000000d5b80000,0x00000000d5f80000)
 ParOldGen       total 808960K, used 808510K [0x0000000080000000, 0x00000000b1600000, 0x00000000d5580000)
  object space 808960K, 99% used [0x0000000080000000,0x00000000b158f930,0x00000000b1600000)
 Metaspace       used 73146K, committed 74688K, reserved 1179648K
  class space    used 7613K, committed 8320K, reserved 1048576K
}
Event: 71.217 GC heap before
{Heap before GC invocations=934 (full 3):
 PSYoungGen      total 9216K, used 8992K [0x00000000d5580000, 0x00000000d6380000, 0x0000000100000000)
  eden space 5120K, 100% used [0x00000000d5580000,0x00000000d5a80000,0x00000000d5a80000)
  from space 4096K, 94% used [0x00000000d5f80000,0x00000000d6348000,0x00000000d6380000)
  to   space 4096K, 0% used [0x00000000d5b80000,0x00000000d5b80000,0x00000000d5f80000)
 ParOldGen       total 808960K, used 808510K [0x0000000080000000, 0x00000000b1600000, 0x00000000d5580000)
  object space 808960K, 99% used [0x0000000080000000,0x00000000b158f930,0x00000000b1600000)
 Metaspace       used 73146K, committed 74688K, reserved 1179648K
  class space    used 7613K, committed 8320K, reserved 1048576K
}
Event: 71.221 GC heap after
{Heap after GC invocations=934 (full 3):
 PSYoungGen      total 9216K, used 4096K [0x00000000d5580000, 0x00000000d6380000, 0x0000000100000000)
  eden space 5120K, 0% used [0x00000000d5580000,0x00000000d5580000,0x00000000d5a80000)
  from space 4096K, 100% used [0x00000000d5b80000,0x00000000d5f80000,0x00000000d5f80000)
  to   space 4096K, 0% used [0x00000000d5f80000,0x00000000d5f80000,0x00000000d6380000)
 ParOldGen       total 812544K, used 812214K [0x0000000080000000, 0x00000000b1980000, 0x00000000d5580000)
  object space 812544K, 99% used [0x0000000080000000,0x00000000b192d930,0x00000000b1980000)
 Metaspace       used 73146K, committed 74688K, reserved 1179648K
  class space    used 7613K, committed 8320K, reserved 1048576K
}
Event: 71.233 GC heap before
{Heap before GC invocations=935 (full 3):
 PSYoungGen      total 9216K, used 9216K [0x00000000d5580000, 0x00000000d6380000, 0x0000000100000000)
  eden space 5120K, 100% used [0x00000000d5580000,0x00000000d5a80000,0x00000000d5a80000)
  from space 4096K, 100% used [0x00000000d5b80000,0x00000000d5f80000,0x00000000d5f80000)
  to   space 4096K, 0% used [0x00000000d5f80000,0x00000000d5f80000,0x00000000d6380000)
 ParOldGen       total 812544K, used 812214K [0x0000000080000000, 0x00000000b1980000, 0x00000000d5580000)
  object space 812544K, 99% used [0x0000000080000000,0x00000000b192d930,0x00000000b1980000)
 Metaspace       used 73146K, committed 74688K, reserved 1179648K
  class space    used 7613K, committed 8320K, reserved 1048576K
}
Event: 71.238 GC heap after
{Heap after GC invocations=935 (full 3):
 PSYoungGen      total 9728K, used 4096K [0x00000000d5580000, 0x00000000d6480000, 0x0000000100000000)
  eden space 5632K, 0% used [0x00000000d5580000,0x00000000d5580000,0x00000000d5b00000)
  from space 4096K, 100% used [0x00000000d5f80000,0x00000000d6380000,0x00000000d6380000)
  to   space 4608K, 0% used [0x00000000d5b00000,0x00000000d5b00000,0x00000000d5f80000)
 ParOldGen       total 816640K, used 816198K [0x0000000080000000, 0x00000000b1d80000, 0x00000000d5580000)
  object space 816640K, 99% used [0x0000000080000000,0x00000000b1d11930,0x00000000b1d80000)
 Metaspace       used 73146K, committed 74688K, reserved 1179648K
  class space    used 7613K, committed 8320K, reserved 1048576K
}
Event: 71.249 GC heap before
{Heap before GC invocations=936 (full 3):
 PSYoungGen      total 9728K, used 9728K [0x00000000d5580000, 0x00000000d6480000, 0x0000000100000000)
  eden space 5632K, 100% used [0x00000000d5580000,0x00000000d5b00000,0x00000000d5b00000)
  from space 4096K, 100% used [0x00000000d5f80000,0x00000000d6380000,0x00000000d6380000)
  to   space 4608K, 0% used [0x00000000d5b00000,0x00000000d5b00000,0x00000000d5f80000)
 ParOldGen       total 816640K, used 816198K [0x0000000080000000, 0x00000000b1d80000, 0x00000000d5580000)
  object space 816640K, 99% used [0x0000000080000000,0x00000000b1d11930,0x00000000b1d80000)
 Metaspace       used 73146K, committed 74688K, reserved 1179648K
  class space    used 7613K, committed 8320K, reserved 1048576K
}
Event: 71.252 GC heap after
{Heap after GC invocations=936 (full 3):
 PSYoungGen      total 10240K, used 4416K [0x00000000d5580000, 0x00000000d6580000, 0x0000000100000000)
  eden space 5632K, 0% used [0x00000000d5580000,0x00000000d5580000,0x00000000d5b00000)
  from space 4608K, 95% used [0x00000000d5b00000,0x00000000d5f50000,0x00000000d5f80000)
  to   space 4608K, 0% used [0x00000000d6100000,0x00000000d6100000,0x00000000d6580000)
 ParOldGen       total 820224K, used 820190K [0x0000000080000000, 0x00000000b2100000, 0x00000000d5580000)
  object space 820224K, 99% used [0x0000000080000000,0x00000000b20f7930,0x00000000b2100000)
 Metaspace       used 73146K, committed 74688K, reserved 1179648K
  class space    used 7613K, committed 8320K, reserved 1048576K
}
Event: 71.261 GC heap before
{Heap before GC invocations=937 (full 3):
 PSYoungGen      total 10240K, used 10048K [0x00000000d5580000, 0x00000000d6580000, 0x0000000100000000)
  eden space 5632K, 100% used [0x00000000d5580000,0x00000000d5b00000,0x00000000d5b00000)
  from space 4608K, 95% used [0x00000000d5b00000,0x00000000d5f50000,0x00000000d5f80000)
  to   space 4608K, 0% used [0x00000000d6100000,0x00000000d6100000,0x00000000d6580000)
 ParOldGen       total 820224K, used 820190K [0x0000000080000000, 0x00000000b2100000, 0x00000000d5580000)
  object space 820224K, 99% used [0x0000000080000000,0x00000000b20f7930,0x00000000b2100000)
 Metaspace       used 73166K, committed 74688K, reserved 1179648K
  class space    used 7617K, committed 8320K, reserved 1048576K
}
Event: 71.265 GC heap after
{Heap after GC invocations=937 (full 3):
 PSYoungGen      total 11776K, used 4288K [0x00000000d5580000, 0x00000000d6580000, 0x0000000100000000)
  eden space 7168K, 0% used [0x00000000d5580000,0x00000000d5580000,0x00000000d5c80000)
  from space 4608K, 93% used [0x00000000d6100000,0x00000000d6530000,0x00000000d6580000)
  to   space 4608K, 0% used [0x00000000d5c80000,0x00000000d5c80000,0x00000000d6100000)
 ParOldGen       total 824832K, used 824550K [0x0000000080000000, 0x00000000b2580000, 0x00000000d5580000)
  object space 824832K, 99% used [0x0000000080000000,0x00000000b2539930,0x00000000b2580000)
 Metaspace       used 73166K, committed 74688K, reserved 1179648K
  class space    used 7617K, committed 8320K, reserved 1048576K
}
Event: 71.279 GC heap before
{Heap before GC invocations=938 (full 3):
 PSYoungGen      total 11776K, used 11456K [0x00000000d5580000, 0x00000000d6580000, 0x0000000100000000)
  eden space 7168K, 100% used [0x00000000d5580000,0x00000000d5c80000,0x00000000d5c80000)
  from space 4608K, 93% used [0x00000000d6100000,0x00000000d6530000,0x00000000d6580000)
  to   space 4608K, 0% used [0x00000000d5c80000,0x00000000d5c80000,0x00000000d6100000)
 ParOldGen       total 824832K, used 824550K [0x0000000080000000, 0x00000000b2580000, 0x00000000d5580000)
  object space 824832K, 99% used [0x0000000080000000,0x00000000b2539930,0x00000000b2580000)
 Metaspace       used 73166K, committed 74688K, reserved 1179648K
  class space    used 7617K, committed 8320K, reserved 1048576K
}
Event: 71.283 GC heap after
{Heap after GC invocations=938 (full 3):
 PSYoungGen      total 11776K, used 4608K [0x00000000d5580000, 0x00000000d7300000, 0x0000000100000000)
  eden space 7168K, 0% used [0x00000000d5580000,0x00000000d5580000,0x00000000d5c80000)
  from space 4608K, 100% used [0x00000000d5c80000,0x00000000d6100000,0x00000000d6100000)
  to   space 10752K, 0% used [0x00000000d6880000,0x00000000d6880000,0x00000000d7300000)
 ParOldGen       total 829952K, used 829646K [0x0000000080000000, 0x00000000b2a80000, 0x00000000d5580000)
  object space 829952K, 99% used [0x0000000080000000,0x00000000b2a33930,0x00000000b2a80000)
 Metaspace       used 73166K, committed 74688K, reserved 1179648K
  class space    used 7617K, committed 8320K, reserved 1048576K
}
Event: 71.295 GC heap before
{Heap before GC invocations=939 (full 3):
 PSYoungGen      total 11776K, used 11776K [0x00000000d5580000, 0x00000000d7300000, 0x0000000100000000)
  eden space 7168K, 100% used [0x00000000d5580000,0x00000000d5c80000,0x00000000d5c80000)
  from space 4608K, 100% used [0x00000000d5c80000,0x00000000d6100000,0x00000000d6100000)
  to   space 10752K, 0% used [0x00000000d6880000,0x00000000d6880000,0x00000000d7300000)
 ParOldGen       total 829952K, used 829646K [0x0000000080000000, 0x00000000b2a80000, 0x00000000d5580000)
  object space 829952K, 99% used [0x0000000080000000,0x00000000b2a33930,0x00000000b2a80000)
 Metaspace       used 73166K, committed 74688K, reserved 1179648K
  class space    used 7617K, committed 8320K, reserved 1048576K
}
Event: 71.304 GC heap after
{Heap after GC invocations=939 (full 3):
 PSYoungGen      total 14336K, used 5600K [0x00000000d5580000, 0x00000000d6e00000, 0x0000000100000000)
  eden space 8704K, 0% used [0x00000000d5580000,0x00000000d5580000,0x00000000d5e00000)
  from space 5632K, 99% used [0x00000000d6880000,0x00000000d6df8000,0x00000000d6e00000)
  to   space 7168K, 0% used [0x00000000d6000000,0x00000000d6000000,0x00000000d6700000)
 ParOldGen       total 834560K, used 834294K [0x0000000080000000, 0x00000000b2f00000, 0x00000000d5580000)
  object space 834560K, 99% used [0x0000000080000000,0x00000000b2ebd930,0x00000000b2f00000)
 Metaspace       used 73166K, committed 74688K, reserved 1179648K
  class space    used 7617K, committed 8320K, reserved 1048576K
}
Event: 71.473 GC heap before
{Heap before GC invocations=940 (full 3):
 PSYoungGen      total 14336K, used 14304K [0x00000000d5580000, 0x00000000d6e00000, 0x0000000100000000)
  eden space 8704K, 100% used [0x00000000d5580000,0x00000000d5e00000,0x00000000d5e00000)
  from space 5632K, 99% used [0x00000000d6880000,0x00000000d6df8000,0x00000000d6e00000)
  to   space 7168K, 0% used [0x00000000d6000000,0x00000000d6000000,0x00000000d6700000)
 ParOldGen       total 834560K, used 834294K [0x0000000080000000, 0x00000000b2f00000, 0x00000000d5580000)
  object space 834560K, 99% used [0x0000000080000000,0x00000000b2ebd930,0x00000000b2f00000)
 Metaspace       used 74026K, committed 75584K, reserved 1179648K
  class space    used 7687K, committed 8384K, reserved 1048576K
}
Event: 71.480 GC heap after
{Heap after GC invocations=940 (full 3):
 PSYoungGen      total 13824K, used 2932K [0x00000000d5580000, 0x00000000d6900000, 0x0000000100000000)
  eden space 10752K, 0% used [0x00000000d5580000,0x00000000d5580000,0x00000000d6000000)
  from space 3072K, 95% used [0x00000000d6000000,0x00000000d62dd2e0,0x00000000d6300000)
  to   space 4608K, 0% used [0x00000000d6480000,0x00000000d6480000,0x00000000d6900000)
 ParOldGen       total 840192K, used 839798K [0x0000000080000000, 0x00000000b3480000, 0x00000000d5580000)
  object space 840192K, 99% used [0x0000000080000000,0x00000000b341d930,0x00000000b3480000)
 Metaspace       used 74026K, committed 75584K, reserved 1179648K
  class space    used 7687K, committed 8384K, reserved 1048576K
}

